  MainWindow.cpp
D:\Main\C++\GitHub\MusicVisualizer\New\Muviz\Headers\cyber\style_cyber.h(21,13): warning C4838: conversion from 'unsigned int' to 'int' requires a narrowing conversion
  (compiling source file 'MainWindow.cpp')
  
D:\Main\C++\GitHub\MusicVisualizer\New\Muviz\Headers\cyber\style_cyber.h(23,13): warning C4838: conversion from 'unsigned int' to 'int' requires a narrowing conversion
  (compiling source file 'MainWindow.cpp')
  
D:\Main\C++\GitHub\MusicVisualizer\New\Muviz\Headers\cyber\style_cyber.h(24,13): warning C4838: conversion from 'unsigned int' to 'int' requires a narrowing conversion
  (compiling source file 'MainWindow.cpp')
  
D:\Main\C++\GitHub\MusicVisualizer\New\Muviz\Headers\cyber\style_cyber.h(25,13): warning C4838: conversion from 'unsigned int' to 'int' requires a narrowing conversion
  (compiling source file 'MainWindow.cpp')
  
D:\Main\C++\GitHub\MusicVisualizer\New\Muviz\Headers\cyber\style_cyber.h(26,13): warning C4838: conversion from 'unsigned int' to 'int' requires a narrowing conversion
  (compiling source file 'MainWindow.cpp')
  
D:\Main\C++\GitHub\MusicVisualizer\New\Muviz\Headers\cyber\style_cyber.h(32,14): warning C4838: conversion from 'unsigned int' to 'int' requires a narrowing conversion
  (compiling source file 'MainWindow.cpp')
  
D:\Main\C++\GitHub\MusicVisualizer\New\Muviz\MainWindow.cpp(79,32): warning C4244: '=': conversion from 'int' to 'float', possible loss of data
D:\Main\C++\GitHub\MusicVisualizer\New\Muviz\MainWindow.cpp(80,31): warning C4244: '=': conversion from 'int' to 'float', possible loss of data
D:\Main\C++\GitHub\MusicVisualizer\New\Muviz\MainWindow.cpp(81,40): warning C4244: 'argument': conversion from 'float' to 'int', possible loss of data
D:\Main\C++\GitHub\MusicVisualizer\New\Muviz\MainWindow.cpp(81,26): warning C4244: 'argument': conversion from 'float' to 'int', possible loss of data
D:\Main\C++\GitHub\MusicVisualizer\New\Muviz\MainWindow.cpp(143,47): warning C4244: 'argument': conversion from 'float' to 'int', possible loss of data
D:\Main\C++\GitHub\MusicVisualizer\New\Muviz\MainWindow.cpp(143,33): warning C4244: 'argument': conversion from 'float' to 'int', possible loss of data
D:\Main\C++\GitHub\MusicVisualizer\New\Muviz\MainWindow.cpp(264,22): warning C4244: '=': conversion from 'sf_count_t' to 'int', possible loss of data
D:\Main\C++\GitHub\MusicVisualizer\New\Muviz\MainWindow.cpp(275,84): warning C4244: 'argument': conversion from 'float' to 'int', possible loss of data
D:\Main\C++\GitHub\MusicVisualizer\New\Muviz\MainWindow.cpp(275,70): warning C4244: 'argument': conversion from 'float' to 'int', possible loss of data
D:\Main\C++\GitHub\MusicVisualizer\New\Muviz\MainWindow.cpp(297,29): warning C4244: '=': conversion from 'int' to 'float', possible loss of data
D:\Main\C++\GitHub\MusicVisualizer\New\Muviz\MainWindow.cpp(298,29): warning C4244: '=': conversion from 'int' to 'float', possible loss of data
D:\Main\C++\GitHub\MusicVisualizer\New\Muviz\MainWindow.cpp(372,25): warning C4267: 'return': conversion from 'size_t' to 'int', possible loss of data
D:\Main\C++\GitHub\MusicVisualizer\New\Muviz\MainWindow.cpp(412,42): warning C4244: 'argument': conversion from 'float' to 'int', possible loss of data
D:\Main\C++\GitHub\MusicVisualizer\New\Muviz\MainWindow.cpp(412,28): warning C4244: 'argument': conversion from 'float' to 'int', possible loss of data
D:\Main\C++\GitHub\MusicVisualizer\New\Muviz\MainWindow.cpp(435,47): warning C4244: 'argument': conversion from 'float' to 'int', possible loss of data
D:\Main\C++\GitHub\MusicVisualizer\New\Muviz\MainWindow.cpp(435,33): warning C4244: 'argument': conversion from 'float' to 'int', possible loss of data
D:\Main\C++\GitHub\MusicVisualizer\New\Muviz\MainWindow.cpp(484,30): warning C4244: '=': conversion from 'double' to 'int', possible loss of data
D:\Main\C++\GitHub\MusicVisualizer\New\Muviz\MainWindow.cpp(497,22): warning C4244: 'initializing': conversion from 'double' to 'int', possible loss of data
D:\Main\C++\GitHub\MusicVisualizer\New\Muviz\MainWindow.cpp(514,139): warning C4244: 'argument': conversion from 'float' to 'int', possible loss of data
D:\Main\C++\GitHub\MusicVisualizer\New\Muviz\MainWindow.cpp(514,40): warning C4244: 'argument': conversion from 'float' to 'int', possible loss of data
D:\Main\C++\GitHub\MusicVisualizer\New\Muviz\MainWindow.cpp(517,185): warning C4244: 'argument': conversion from 'float' to 'int', possible loss of data
D:\Main\C++\GitHub\MusicVisualizer\New\Muviz\MainWindow.cpp(517,127): warning C4244: 'argument': conversion from 'float' to 'int', possible loss of data
D:\Main\C++\GitHub\MusicVisualizer\New\Muviz\MainWindow.cpp(517,40): warning C4244: 'argument': conversion from 'float' to 'int', possible loss of data
D:\Main\C++\GitHub\MusicVisualizer\New\Muviz\MainWindow.cpp(520,125): warning C4244: 'argument': conversion from 'float' to 'int', possible loss of data
D:\Main\C++\GitHub\MusicVisualizer\New\Muviz\MainWindow.cpp(520,44): warning C4244: 'argument': conversion from 'float' to 'int', possible loss of data
D:\Main\C++\GitHub\MusicVisualizer\New\Muviz\MainWindow.cpp(523,165): warning C4244: 'argument': conversion from 'float' to 'int', possible loss of data
D:\Main\C++\GitHub\MusicVisualizer\New\Muviz\MainWindow.cpp(523,84): warning C4244: 'argument': conversion from 'float' to 'int', possible loss of data
D:\Main\C++\GitHub\MusicVisualizer\New\Muviz\MainWindow.cpp(523,34): warning C4244: 'argument': conversion from 'float' to 'int', possible loss of data
D:\Main\C++\GitHub\MusicVisualizer\New\Muviz\MainWindow.cpp(533,22): warning C4244: 'initializing': conversion from 'float' to 'int', possible loss of data
D:\Main\C++\GitHub\MusicVisualizer\New\Muviz\MainWindow.cpp(545,79): warning C4244: 'argument': conversion from 'float' to 'int', possible loss of data
D:\Main\C++\GitHub\MusicVisualizer\New\Muviz\MainWindow.cpp(545,61): warning C4244: 'argument': conversion from 'float' to 'int', possible loss of data
D:\Main\C++\GitHub\MusicVisualizer\New\Muviz\MainWindow.cpp(563,52): warning C4244: 'argument': conversion from 'float' to 'int', possible loss of data
D:\Main\C++\GitHub\MusicVisualizer\New\Muviz\MainWindow.cpp(563,34): warning C4244: 'argument': conversion from 'float' to 'int', possible loss of data
  Muviz.vcxproj -> D:\Main\C++\GitHub\MusicVisualizer\New\Muviz\x64\Debug\Muviz.exe
  'pwsh.exe' is not recognized as an internal or external command,
  operable program or batch file.
